<?xml version="1.0" encoding="UTF-8"?>
<testsuite name="com.kodilla.stream.portfolio.BoardTestSuite" tests="6" skipped="0" failures="0" errors="0" timestamp="2019-01-28T17:38:53" hostname="Piter-Komputer" time="0.134">
  <properties/>
  <testcase name="testAddTaskList" classname="com.kodilla.stream.portfolio.BoardTestSuite" time="0.084"/>
  <testcase name="testAddTaskListAverageWorkingOnTask" classname="com.kodilla.stream.portfolio.BoardTestSuite" time="0.019"/>
  <testcase name="testAddTaskListFindUsersTasks" classname="com.kodilla.stream.portfolio.BoardTestSuite" time="0.007"/>
  <testcase name="testAddTaskListFindLongTasks" classname="com.kodilla.stream.portfolio.BoardTestSuite" time="0.004"/>
  <testcase name="testAddTaskListAverageWorkingOnTask2" classname="com.kodilla.stream.portfolio.BoardTestSuite" time="0.014"/>
  <testcase name="testAddTaskListFindOutdatedTasks" classname="com.kodilla.stream.portfolio.BoardTestSuite" time="0.004"/>
  <system-out><![CDATA[10.0
]]></system-out>
  <system-err><![CDATA[]]></system-err>
</testsuite>
