<?xml version="1.0" encoding="UTF-8"?>
<testsuite name="com.kodilla.testing.collection.CollectionTestSuite" tests="2" skipped="0" failures="0" errors="0" timestamp="2018-12-26T11:43:57" hostname="Piter-Komputer" time="0.019">
  <properties/>
  <testcase name="testOddNumbersExterminatorEmptyList" classname="com.kodilla.testing.collection.CollectionTestSuite" time="0.016"/>
  <testcase name="testOddNumbersExterminatorNormalList" classname="com.kodilla.testing.collection.CollectionTestSuite" time="0.002"/>
  <system-out><![CDATA[Test Case: BEGIN
Testing >>EMPTY LIST<<
Test Case: END
Test Case: BEGIN
Testing >>NORMAL LIST<<
Test Case: END
]]></system-out>
  <system-err><![CDATA[]]></system-err>
</testsuite>
