<?xml version="1.0" encoding="UTF-8"?>
<testsuite name="com.kodilla.testing.shape.ShapeCollectorTestSuite" tests="4" skipped="0" failures="0" errors="0" timestamp="2018-12-26T11:43:57" hostname="Piter-Komputer" time="0.009">
  <properties/>
  <testcase name="testShowFigures" classname="com.kodilla.testing.shape.ShapeCollectorTestSuite" time="0.007"/>
  <testcase name="testRemoveFigure" classname="com.kodilla.testing.shape.ShapeCollectorTestSuite" time="0.0"/>
  <testcase name="testAddFigure" classname="com.kodilla.testing.shape.ShapeCollectorTestSuite" time="0.0"/>
  <testcase name="testGetFigure" classname="com.kodilla.testing.shape.ShapeCollectorTestSuite" time="0.0"/>
  <system-out><![CDATA[This is the begining of tests. 
Preparing to execute test #1
Test #1 finished.
Preparing to execute test #2
Test #2 finished.
Preparing to execute test #3
Test #3 finished.
Preparing to execute test #4
Test #4 finished.
All test are finished.
]]></system-out>
  <system-err><![CDATA[]]></system-err>
</testsuite>
