<?xml version="1.0" encoding="UTF-8"?>
<testsuite name="com.kodilla.testing.library.BookDirectoryTestSuite" tests="6" skipped="0" failures="0" errors="0" timestamp="2018-12-26T11:43:57" hostname="Piter-Komputer" time="0.39">
  <properties/>
  <testcase name="testListBooksWithConditionFragmentShorterThan3" classname="com.kodilla.testing.library.BookDirectoryTestSuite" time="0.374"/>
  <testcase name="testListBooksInHandsOfOneBookBorrowed" classname="com.kodilla.testing.library.BookDirectoryTestSuite" time="0.006"/>
  <testcase name="testListBooksWithConditionMoreThan20" classname="com.kodilla.testing.library.BookDirectoryTestSuite" time="0.001"/>
  <testcase name="testListBooksWithConditionsReturnList" classname="com.kodilla.testing.library.BookDirectoryTestSuite" time="0.001"/>
  <testcase name="testListBooksInHandsOfZeroBookBorrowed" classname="com.kodilla.testing.library.BookDirectoryTestSuite" time="0.002"/>
  <testcase name="testListBooksInHandsOfFiveBooksBorrowed" classname="com.kodilla.testing.library.BookDirectoryTestSuite" time="0.001"/>
  <system-out><![CDATA[The tests are beggining
Test number: 1
End of the test number: 1
Test number: 2
End of the test number: 2
Test number: 3
End of the test number: 3
Test number: 4
End of the test number: 4
Test number: 5
End of the test number: 5
Test number: 6
End of the test number: 6
The tests have been completed
]]></system-out>
  <system-err><![CDATA[]]></system-err>
</testsuite>
